#
# There is insufficient memory for the Java Runtime Environment to continue.
# Native memory allocation (malloc) failed to allocate 32744 bytes for ChunkPool::allocate
# Possible reasons:
#   The system is out of physical RAM or swap space
#   In 32 bit mode, the process size limit was hit
# Possible solutions:
#   Reduce memory load on the system
#   Increase physical memory or swap space
#   Check if swap backing store is full
#   Use 64 bit Java on a 64 bit OS
#   Decrease Java heap size (-Xmx/-Xms)
#   Decrease number of Java threads
#   Decrease Java thread stack sizes (-Xss)
#   Set larger code cache with -XX:ReservedCodeCacheSize=
# This output file may be truncated or incomplete.
#
#  Out of Memory Error (allocation.cpp:273), pid=7100, tid=7588
#
# JRE version: Java(TM) SE Runtime Environment (8.0_51-b16) (build 1.8.0_51-b16)
# Java VM: Java HotSpot(TM) 64-Bit Server VM (25.51-b03 mixed mode windows-amd64 compressed oops)
# Failed to write core dump. Minidumps are not enabled by default on client versions of Windows
#

---------------  T H R E A D  ---------------

Current thread (0x000000001dd33000):  JavaThread "C2 CompilerThread2" daemon [_thread_in_vm, id=7588, stack(0x000000001e500000,0x000000001e600000)]

Stack: [0x000000001e500000,0x000000001e600000]
Native frames: (J=compiled Java code, j=interpreted, Vv=VM code, C=native code)
V  [jvm.dll+0x32b4ca]


Current CompileTask:
C2: 506655  801       4       org.newdawn.slick.opengl.TextureLoader::getTexture (36 bytes)


---------------  P R O C E S S  ---------------

Java Threads: ( => current thread )
  0x0000000024978800 JavaThread "LWJGL Timer" daemon [_thread_blocked, id=4724, stack(0x00000000259a0000,0x0000000025aa0000)]
  0x000000001ddc2000 JavaThread "Service Thread" daemon [_thread_blocked, id=8212, stack(0x000000001e700000,0x000000001e800000)]
  0x000000001dd39000 JavaThread "C1 CompilerThread3" daemon [_thread_blocked, id=8364, stack(0x000000001e600000,0x000000001e700000)]
=>0x000000001dd33000 JavaThread "C2 CompilerThread2" daemon [_thread_in_vm, id=7588, stack(0x000000001e500000,0x000000001e600000)]
  0x000000001dd2a800 JavaThread "C2 CompilerThread1" daemon [_thread_blocked, id=7704, stack(0x000000001e400000,0x000000001e500000)]
  0x000000001dd27000 JavaThread "C2 CompilerThread0" daemon [_thread_blocked, id=7968, stack(0x000000001e300000,0x000000001e400000)]
  0x000000001dd26000 JavaThread "Attach Listener" daemon [_thread_blocked, id=8408, stack(0x000000001e200000,0x000000001e300000)]
  0x000000001dd25000 JavaThread "Signal Dispatcher" daemon [_thread_blocked, id=1760, stack(0x000000001e100000,0x000000001e200000)]
  0x000000000229a000 JavaThread "Finalizer" daemon [_thread_blocked, id=7472, stack(0x000000001dbf0000,0x000000001dcf0000)]
  0x0000000002293000 JavaThread "Reference Handler" daemon [_thread_blocked, id=9420, stack(0x000000001daf0000,0x000000001dbf0000)]
  0x00000000021a0800 JavaThread "main" [_thread_in_native, id=10024, stack(0x00000000020a0000,0x00000000021a0000)]

Other Threads:
  0x000000001bd19800 VMThread [stack: 0x000000001d9f0000,0x000000001daf0000] [id=7376]
  0x000000001ddc4000 WatcherThread [stack: 0x000000001e800000,0x000000001e900000] [id=7924]

VM state:not at safepoint (normal execution)

VM Mutex/Monitor currently owned by a thread: None

Heap:
 PSYoungGen      total 32256K, used 2881K [0x000000076b380000, 0x000000076d480000, 0x00000007c0000000)
  eden space 30720K, 6% used [0x000000076b380000,0x000000076b550638,0x000000076d180000)
  from space 1536K, 66% used [0x000000076d300000,0x000000076d400000,0x000000076d480000)
  to   space 1536K, 0% used [0x000000076d180000,0x000000076d180000,0x000000076d300000)
 ParOldGen       total 175104K, used 51669K [0x00000006c1a00000, 0x00000006cc500000, 0x000000076b380000)
  object space 175104K, 29% used [0x00000006c1a00000,0x00000006c4c75658,0x00000006cc500000)
 Metaspace       used 5169K, capacity 5847K, committed 5888K, reserved 1056768K
  class space    used 489K, capacity 496K, committed 512K, reserved 1048576K

Card table byte_map: [0x0000000011660000,0x0000000011e60000] byte_map_base: 0x000000000e053000

Marking Bits: (ParMarkBitMap*) 0x00000000694b4040
 Begin Bits: [0x0000000012bb0000, 0x0000000016b48000)
 End Bits:   [0x0000000016b48000, 0x000000001aae0000)

Polling page: 0x0000000001fd0000

CodeCache: size=245760Kb used=3421Kb max_used=3517Kb free=242338Kb
 bounds [0x00000000022a0000, 0x0000000002620000, 0x00000000112a0000]
 total_blobs=1095 nmethods=732 adapters=276
 compilation: enabled

Compilation events (10 events):
Event: 312.781 Thread 0x000000001dd27000 nmethod 797 0x00000000025fa590 code [0x00000000025fa6e0, 0x00000000025fa778]
Event: 312.782 Thread 0x000000001dd2a800 nmethod 794 0x00000000023ca950 code [0x00000000023cab80, 0x00000000023cc4f0]
Event: 312.813 Thread 0x000000001dd33000 nmethod 792 0x000000000248bc10 code [0x000000000248bfc0, 0x000000000248f578]
Event: 328.763 Thread 0x000000001dd27000  798       4       org.newdawn.slick.opengl.TextureLoader::getTexture (36 bytes)
Event: 328.812 Thread 0x000000001dd27000 nmethod 798 0x0000000002427690 code [0x0000000002427920, 0x000000000242a3d0]
Event: 413.424 Thread 0x000000001dd2a800  799 %     4       java.util.HashMap::resize @ 238 (359 bytes)
Event: 413.431 Thread 0x000000001dd2a800 nmethod 799% 0x00000000023de650 code [0x00000000023de7c0, 0x00000000023deed8]
Event: 472.312 Thread 0x000000001dd39000  800       3       org.newdawn.slick.opengl.TextureLoader::getTexture (36 bytes)
Event: 472.314 Thread 0x000000001dd39000 nmethod 800 0x00000000023b72d0 code [0x00000000023b74e0, 0x00000000023b7ef8]
Event: 506.336 Thread 0x000000001dd33000  801       4       org.newdawn.slick.opengl.TextureLoader::getTexture (36 bytes)

GC Heap History (10 events):
Event: 480.358 GC heap before
{Heap before GC invocations=102 (full 0):
 PSYoungGen      total 32256K, used 31712K [0x000000076b380000, 0x000000076d480000, 0x00000007c0000000)
  eden space 30720K, 100% used [0x000000076b380000,0x000000076d180000,0x000000076d180000)
  from space 1536K, 64% used [0x000000076d180000,0x000000076d278000,0x000000076d300000)
  to   space 1536K, 0% used [0x000000076d300000,0x000000076d300000,0x000000076d480000)
 ParOldGen       total 175104K, used 49877K [0x00000006c1a00000, 0x00000006cc500000, 0x000000076b380000)
  object space 175104K, 28% used [0x00000006c1a00000,0x00000006c4ab5648,0x00000006cc500000)
 Metaspace       used 5169K, capacity 5847K, committed 5888K, reserved 1056768K
  class space    used 489K, capacity 496K, committed 512K, reserved 1048576K
Event: 480.368 GC heap after
Heap after GC invocations=102 (full 0):
 PSYoungGen      total 32256K, used 992K [0x000000076b380000, 0x000000076d480000, 0x00000007c0000000)
  eden space 30720K, 0% used [0x000000076b380000,0x000000076b380000,0x000000076d180000)
  from space 1536K, 64% used [0x000000076d300000,0x000000076d3f8000,0x000000076d480000)
  to   space 1536K, 0% used [0x000000076d180000,0x000000076d180000,0x000000076d300000)
 ParOldGen       total 175104K, used 50237K [0x00000006c1a00000, 0x00000006cc500000, 0x000000076b380000)
  object space 175104K, 28% used [0x00000006c1a00000,0x00000006c4b0f658,0x00000006cc500000)
 Metaspace       used 5169K, capacity 5847K, committed 5888K, reserved 1056768K
  class space    used 489K, capacity 496K, committed 512K, reserved 1048576K
}
Event: 484.952 GC heap before
{Heap before GC invocations=103 (full 0):
 PSYoungGen      total 32256K, used 31712K [0x000000076b380000, 0x000000076d480000, 0x00000007c0000000)
  eden space 30720K, 100% used [0x000000076b380000,0x000000076d180000,0x000000076d180000)
  from space 1536K, 64% used [0x000000076d300000,0x000000076d3f8000,0x000000076d480000)
  to   space 1536K, 0% used [0x000000076d180000,0x000000076d180000,0x000000076d300000)
 ParOldGen       total 175104K, used 50237K [0x00000006c1a00000, 0x00000006cc500000, 0x000000076b380000)
  object space 175104K, 28% used [0x00000006c1a00000,0x00000006c4b0f658,0x00000006cc500000)
 Metaspace       used 5169K, capacity 5847K, committed 5888K, reserved 1056768K
  class space    used 489K, capacity 496K, committed 512K, reserved 1048576K
Event: 484.956 GC heap after
Heap after GC invocations=103 (full 0):
 PSYoungGen      total 32256K, used 960K [0x000000076b380000, 0x000000076d480000, 0x00000007c0000000)
  eden space 30720K, 0% used [0x000000076b380000,0x000000076b380000,0x000000076d180000)
  from space 1536K, 62% used [0x000000076d180000,0x000000076d270000,0x000000076d300000)
  to   space 1536K, 0% used [0x000000076d300000,0x000000076d300000,0x000000076d480000)
 ParOldGen       total 175104K, used 50589K [0x00000006c1a00000, 0x00000006cc500000, 0x000000076b380000)
  object space 175104K, 28% used [0x00000006c1a00000,0x00000006c4b67658,0x00000006cc500000)
 Metaspace       used 5169K, capacity 5847K, committed 5888K, reserved 1056768K
  class space    used 489K, capacity 496K, committed 512K, reserved 1048576K
}
Event: 490.688 GC heap before
{Heap before GC invocations=104 (full 0):
 PSYoungGen      total 32256K, used 31680K [0x000000076b380000, 0x000000076d480000, 0x00000007c0000000)
  eden space 30720K, 100% used [0x000000076b380000,0x000000076d180000,0x000000076d180000)
  from space 1536K, 62% used [0x000000076d180000,0x000000076d270000,0x000000076d300000)
  to   space 1536K, 0% used [0x000000076d300000,0x000000076d300000,0x000000076d480000)
 ParOldGen       total 175104K, used 50589K [0x00000006c1a00000, 0x00000006cc500000, 0x000000076b380000)
  object space 175104K, 28% used [0x00000006c1a00000,0x00000006c4b67658,0x00000006cc500000)
 Metaspace       used 5169K, capacity 5847K, committed 5888K, reserved 1056768K
  class space    used 489K, capacity 496K, committed 512K, reserved 1048576K
Event: 490.697 GC heap after
Heap after GC invocations=104 (full 0):
 PSYoungGen      total 32256K, used 1024K [0x000000076b380000, 0x000000076d480000, 0x00000007c0000000)
  eden space 30720K, 0% used [0x000000076b380000,0x000000076b380000,0x000000076d180000)
  from space 1536K, 66% used [0x000000076d300000,0x000000076d400000,0x000000076d480000)
  to   space 1536K, 0% used [0x000000076d180000,0x000000076d180000,0x000000076d300000)
 ParOldGen       total 175104K, used 50941K [0x00000006c1a00000, 0x00000006cc500000, 0x000000076b380000)
  object space 175104K, 29% used [0x00000006c1a00000,0x00000006c4bbf658,0x00000006cc500000)
 Metaspace       used 5169K, capacity 5847K, committed 5888K, reserved 1056768K
  class space    used 489K, capacity 496K, committed 512K, reserved 1048576K
}
Event: 499.650 GC heap before
{Heap before GC invocations=105 (full 0):
 PSYoungGen      total 32256K, used 31744K [0x000000076b380000, 0x000000076d480000, 0x00000007c0000000)
  eden space 30720K, 100% used [0x000000076b380000,0x000000076d180000,0x000000076d180000)
  from space 1536K, 66% used [0x000000076d300000,0x000000076d400000,0x000000076d480000)
  to   space 1536K, 0% used [0x000000076d180000,0x000000076d180000,0x000000076d300000)
 ParOldGen       total 175104K, used 50941K [0x00000006c1a00000, 0x00000006cc500000, 0x000000076b380000)
  object space 175104K, 29% used [0x00000006c1a00000,0x00000006c4bbf658,0x00000006cc500000)
 Metaspace       used 5169K, capacity 5847K, committed 5888K, reserved 1056768K
  class space    used 489K, capacity 496K, committed 512K, reserved 1048576K
Event: 499.732 GC heap after
Heap after GC invocations=105 (full 0):
 PSYoungGen      total 32256K, used 1024K [0x000000076b380000, 0x000000076d480000, 0x00000007c0000000)
  eden space 30720K, 0% used [0x000000076b380000,0x000000076b380000,0x000000076d180000)
  from space 1536K, 66% used [0x000000076d180000,0x000000076d280000,0x000000076d300000)
  to   space 1536K, 0% used [0x000000076d300000,0x000000076d300000,0x000000076d480000)
 ParOldGen       total 175104K, used 51309K [0x00000006c1a00000, 0x00000006cc500000, 0x000000076b380000)
  object space 175104K, 29% used [0x00000006c1a00000,0x00000006c4c1b658,0x00000006cc500000)
 Metaspace       used 5169K, capacity 5847K, committed 5888K, reserved 1056768K
  class space    used 489K, capacity 496K, committed 512K, reserved 1048576K
}
Event: 506.301 GC heap before
{Heap before GC invocations=106 (full 0):
 PSYoungGen      total 32256K, used 31744K [0x000000076b380000, 0x000000076d480000, 0x00000007c0000000)
  eden space 30720K, 100% used [0x000000076b380000,0x000000076d180000,0x000000076d180000)
  from space 1536K, 66% used [0x000000076d180000,0x000000076d280000,0x000000076d300000)
  to   space 1536K, 0% used [0x000000076d300000,0x000000076d300000,0x000000076d480000)
 ParOldGen       total 175104K, used 51309K [0x00000006c1a00000, 0x00000006cc500000, 0x000000076b380000)
  object space 175104K, 29% used [0x00000006c1a00000,0x00000006c4c1b658,0x00000006cc500000)
 Metaspace       used 5169K, capacity 5847K, committed 5888K, reserved 1056768K
  class space    used 489K, capacity 496K, committed 512K, reserved 1048576K
Event: 506.307 GC heap after
Heap after GC invocations=106 (full 0):
 PSYoungGen      total 32256K, used 1024K [0x000000076b380000, 0x000000076d480000, 0x00000007c0000000)
  eden space 30720K, 0% used [0x000000076b380000,0x000000076b380000,0x000000076d180000)
  from space 1536K, 66% used [0x000000076d300000,0x000000076d400000,0x000000076d480000)
  to   space 1536K, 0% used [0x000000076d180000,0x000000076d180000,0x000000076d300000)
 ParOldGen       total 175104K, used 51669K [0x00000006c1a00000, 0x00000006cc500000, 0x000000076b380000)
  object space 175104K, 29% used [0x00000006c1a00000,0x00000006c4c75658,0x00000006cc500000)
 Metaspace       used 5169K, capacity 5847K, committed 5888K, reserved 1056768K
  class space    used 489K, capacity 496K, committed 512K, reserved 1048576K
}

Deoptimization events (7 events):
Event: 96.018 Thread 0x00000000021a0800 Uncommon trap: reason=unstable_if action=reinterpret pc=0x0000000002608010 method=org.lwjgl.opengl.WindowsDisplay.update()V @ 7
Event: 96.022 Thread 0x00000000021a0800 Uncommon trap: reason=unstable_if action=reinterpret pc=0x0000000002605a70 method=org.lwjgl.opengl.WindowsDisplay.update()V @ 7
Event: 125.126 Thread 0x0000000002293000 Uncommon trap: reason=unstable_if action=reinterpret pc=0x00000000025fe430 method=sun.misc.Cleaner.remove(Lsun/misc/Cleaner;)Z @ 14
Event: 125.133 Thread 0x0000000002293000 Uncommon trap: reason=unstable_if action=reinterpret pc=0x0000000002581acc method=sun.misc.Cleaner.remove(Lsun/misc/Cleaner;)Z @ 14
Event: 125.137 Thread 0x0000000002293000 Uncommon trap: reason=unstable_if action=reinterpret pc=0x00000000025ca444 method=sun.misc.Cleaner.remove(Lsun/misc/Cleaner;)Z @ 14
Event: 307.744 Thread 0x00000000021a0800 Uncommon trap: reason=unstable_if action=reinterpret pc=0x00000000025e3080 method=org.newdawn.slick.opengl.InternalTextureLoader.getTexture(Ljava/io/InputStream;Ljava/lang/String;ZI[I)Lorg/newdawn/slick/opengl/TextureImpl; @ 173
Event: 471.831 Thread 0x00000000021a0800 Uncommon trap: reason=unstable_if action=reinterpret pc=0x0000000002429db0 method=java.util.HashMap.getNode(ILjava/lang/Object;)Ljava/util/HashMap$Node; @ 62

Internal exceptions (6 events):
Event: 0.026 Thread 0x00000000021a0800 Exception <a 'java/lang/NoSuchMethodError': Method sun.misc.Unsafe.defineClass(Ljava/lang/String;[BII)Ljava/lang/Class; name or signature does not match> (0x000000076b38ce88) thrown at [C:\re\workspace\8-2-build-windows-amd64-cygwin\jdk8u51\3951\hotspot\srÞ*Ý¦‰¸š?
Event: 0.026 Thread 0x00000000021a0800 Exception <a 'java/lang/NoSuchMethodError': Method sun.misc.Unsafe.prefetchRead(Ljava/lang/Object;J)V name or signature does not match> (0x000000076b38d118) thrown at [C:\re\workspace\8-2-build-windows-amd64-cygwin\jdk8u51\3951\hotspot\src\share\vm\prims\jzÿ¾;9Õ?
Event: 0.332 Thread 0x00000000021a0800 Exception <a 'java/security/PrivilegedActionException'> (0x000000076b9fb0d0) thrown at [C:\re\workspace\8-2-build-windows-amd64-cygwin\jdk8u51\3951\hotspot\src\share\vm\prims\jvm.cpp, line 1382]
Event: 0.332 Thread 0x00000000021a0800 Exception <a 'java/security/PrivilegedActionException'> (0x000000076b9fb288) thrown at [C:\re\workspace\8-2-build-windows-amd64-cygwin\jdk8u51\3951\hotspot\src\share\vm\prims\jvm.cpp, line 1382]
Event: 0.332 Thread 0x00000000021a0800 Exception <a 'java/security/PrivilegedActionException'> (0x000000076b9fed80) thrown at [C:\re\workspace\8-2-build-windows-amd64-cygwin\jdk8u51\3951\hotspot\src\share\vm\prims\jvm.cpp, line 1382]
Event: 0.332 Thread 0x00000000021a0800 Exception <a 'java/security/PrivilegedActionException'> (0x000000076b9fef38) thrown at [C:\re\workspace\8-2-build-windows-amd64-cygwin\jdk8u51\3951\hotspot\src\share\vm\prims\jvm.cpp, line 1382]

Events (10 events):
Event: 480.358 Executing VM operation: ParallelGCFailedAllocation
Event: 480.368 Executing VM operation: ParallelGCFailedAllocation done
Event: 484.952 Executing VM operation: ParallelGCFailedAllocation
Event: 484.956 Executing VM operation: ParallelGCFailedAllocation done
Event: 490.688 Executing VM operation: ParallelGCFailedAllocation
Event: 490.697 Executing VM operation: ParallelGCFailedAllocation done
Event: 499.629 Executing VM operation: ParallelGCFailedAllocation
Event: 499.733 Executing VM operation: ParallelGCFailedAllocation done
Event: 506.301 Executing VM operation: ParallelGCFailedAllocation
Event: 506.307 Executing VM operation: ParallelGCFailedAllocation done


Dynamic libraries:
0x00007ff686f70000 - 0x00007ff686fa7000 	C:\Program Files\Java\jre1.8.0_51\bin\javaw.exe
0x00007ffb20ed0000 - 0x00007ffb21091000 	C:\Windows\SYSTEM32\ntdll.dll
0x00007ffb1e840000 - 0x00007ffb1e8ed000 	C:\Windows\system32\KERNEL32.DLL
0x00007ffb1e3c0000 - 0x00007ffb1e59d000 	C:\Windows\system32\KERNELBASE.dll
0x00007ffb1e660000 - 0x00007ffb1e706000 	C:\Windows\system32\ADVAPI32.dll
0x00007ffb20b20000 - 0x00007ffb20bbd000 	C:\Windows\system32\msvcrt.dll
0x00007ffb20840000 - 0x00007ffb2089b000 	C:\Windows\system32\sechost.dll
0x00007ffb1e710000 - 0x00007ffb1e836000 	C:\Windows\system32\RPCRT4.dll
0x00007ffb1ef20000 - 0x00007ffb1f06e000 	C:\Windows\system32\USER32.dll
0x00007ffb1e8f0000 - 0x00007ffb1ea76000 	C:\Windows\system32\GDI32.dll
0x00007ffb13a80000 - 0x00007ffb13cf4000 	C:\Windows\WinSxS\amd64_microsoft.windows.common-controls_6595b64144ccf1df_6.0.10240.16384_none_f41f7b285750ef43\COMCTL32.dll
0x00007ffb1ed10000 - 0x00007ffb1ed46000 	C:\Windows\system32\IMM32.DLL
0x00007ffb1f190000 - 0x00007ffb1f2ec000 	C:\Windows\system32\MSCTF.dll
0x0000000069a40000 - 0x0000000069b12000 	C:\Program Files\Java\jre1.8.0_51\bin\msvcr100.dll
0x0000000068cb0000 - 0x0000000069533000 	C:\Program Files\Java\jre1.8.0_51\bin\server\jvm.dll
0x00007ffb20ec0000 - 0x00007ffb20ec8000 	C:\Windows\system32\PSAPI.DLL
0x00007ffb0f9c0000 - 0x00007ffb0f9c9000 	C:\Windows\SYSTEM32\WSOCK32.dll
0x00007ffb1bdf0000 - 0x00007ffb1be13000 	C:\Windows\SYSTEM32\WINMM.dll
0x00007ffb13d00000 - 0x00007ffb13d0a000 	C:\Windows\SYSTEM32\VERSION.dll
0x00007ffb1f070000 - 0x00007ffb1f0d9000 	C:\Windows\system32\WS2_32.dll
0x00007ffb20e40000 - 0x00007ffb20e48000 	C:\Windows\system32\NSI.dll
0x00007ffb1bd90000 - 0x00007ffb1bdbc000 	C:\Windows\SYSTEM32\WINMMBASE.dll
0x00007ffb1db10000 - 0x00007ffb1db54000 	C:\Windows\system32\cfgmgr32.dll
0x00007ffb1c270000 - 0x00007ffb1c297000 	C:\Windows\SYSTEM32\DEVOBJ.dll
0x0000000069be0000 - 0x0000000069bef000 	C:\Program Files\Java\jre1.8.0_51\bin\verify.dll
0x0000000069bb0000 - 0x0000000069bd9000 	C:\Program Files\Java\jre1.8.0_51\bin\java.dll
0x0000000069b90000 - 0x0000000069ba6000 	C:\Program Files\Java\jre1.8.0_51\bin\zip.dll
0x00007ffb1f2f0000 - 0x00007ffb20812000 	C:\Windows\system32\SHELL32.dll
0x00007ffb1dd90000 - 0x00007ffb1e3b8000 	C:\Windows\system32\windows.storage.dll
0x00007ffb208a0000 - 0x00007ffb20b1c000 	C:\Windows\system32\combase.dll
0x00007ffb20de0000 - 0x00007ffb20e31000 	C:\Windows\system32\shlwapi.dll
0x00007ffb1d940000 - 0x00007ffb1d94f000 	C:\Windows\system32\kernel.appcore.dll
0x00007ffb1da50000 - 0x00007ffb1db03000 	C:\Windows\system32\shcore.dll
0x00007ffb1d950000 - 0x00007ffb1d99a000 	C:\Windows\system32\powrprof.dll
0x00007ffb1d920000 - 0x00007ffb1d933000 	C:\Windows\system32\profapi.dll
0x0000000180000000 - 0x0000000180051000 	C:\Users\Farooq\Desktop\AIWorkSpace\lib\natives\lwjgl64.dll
0x00007ffb08d60000 - 0x00007ffb08e88000 	C:\Windows\SYSTEM32\OPENGL32.dll
0x00007ffb08bf0000 - 0x00007ffb08ce6000 	C:\Windows\SYSTEM32\DDRAW.dll
0x00007ffb08cf0000 - 0x00007ffb08d1e000 	C:\Windows\SYSTEM32\GLU32.dll
0x00007ffb0de50000 - 0x00007ffb0de58000 	C:\Windows\SYSTEM32\DCIMAN32.dll
0x00007ffb1c1d0000 - 0x00007ffb1c266000 	C:\Windows\system32\uxtheme.dll
0x00007ffb0ef70000 - 0x00007ffb0f012000 	C:\Program Files\Common Files\microsoft shared\ink\tiptsf.dll
0x00007ffb1e5a0000 - 0x00007ffb1e65e000 	C:\Windows\system32\OLEAUT32.dll
0x00007ffb1b3e0000 - 0x00007ffb1b402000 	C:\Windows\system32\dwmapi.dll
0x0000000067730000 - 0x0000000068cae000 	C:\Windows\SYSTEM32\nvoglv64.DLL
0x00007ffb1ed50000 - 0x00007ffb1ef15000 	C:\Windows\system32\SETUPAPI.dll
0x00007ffb1bf20000 - 0x00007ffb1bf33000 	C:\Windows\SYSTEM32\WTSAPI32.dll
0x00007ffb1db60000 - 0x00007ffb1dbb4000 	C:\Windows\system32\WINTRUST.dll
0x00007ffb1d900000 - 0x00007ffb1d911000 	C:\Windows\system32\MSASN1.dll
0x00007ffb1dbc0000 - 0x00007ffb1dd81000 	C:\Windows\system32\CRYPT32.dll
0x00007ffb1cca0000 - 0x00007ffb1ccd2000 	C:\Windows\SYSTEM32\ntmarta.dll
0x00007ffb1caa0000 - 0x00007ffb1caf8000 	C:\Windows\SYSTEM32\WINSTA.dll
0x00007ffb1d750000 - 0x00007ffb1d7bb000 	C:\Windows\SYSTEM32\bcryptPrimitives.dll
0x00007ffb13830000 - 0x00007ffb138c1000 	C:\Windows\SYSTEM32\mscms.dll
0x00007ffb1cf10000 - 0x00007ffb1cf2f000 	C:\Windows\SYSTEM32\USERENV.dll
0x00007ffb11e80000 - 0x00007ffb11ec2000 	C:\Windows\SYSTEM32\icm32.dll
0x00007ffb1f0e0000 - 0x00007ffb1f185000 	C:\Windows\system32\clbcatq.dll
0x00007ffb173d0000 - 0x00007ffb1751c000 	C:\Windows\System32\uiautomationcore.dll
0x00007ffb1d1d0000 - 0x00007ffb1d1e7000 	C:\Windows\SYSTEM32\cryptsp.dll
0x00007ffb1d440000 - 0x00007ffb1d468000 	C:\Windows\SYSTEM32\bcrypt.dll
0x00007ffb1ce20000 - 0x00007ffb1ce53000 	C:\Windows\system32\rsaenh.dll
0x00007ffb1d340000 - 0x00007ffb1d34b000 	C:\Windows\SYSTEM32\CRYPTBASE.dll
0x00007ffb1d7c0000 - 0x00007ffb1d858000 	C:\Windows\SYSTEM32\sxs.dll
0x00007ffb137a0000 - 0x00007ffb13809000 	C:\Windows\System32\OLEACC.dll
0x00007ffb1b090000 - 0x00007ffb1b12c000 	C:\Windows\system32\dxgi.dll
0x00007ffb1b130000 - 0x00007ffb1b3d3000 	C:\Windows\system32\d3d11.dll
0x00007ffaf6660000 - 0x00007ffaf77f9000 	C:\Windows\SYSTEM32\nvwgf2umx.dll
0x00007ffb00110000 - 0x00007ffb002d3000 	C:\Windows\system32\nvspcap64.dll
0x00007ffb20c90000 - 0x00007ffb20dd1000 	C:\Windows\system32\ole32.dll
0x00007ffb18f90000 - 0x00007ffb19066000 	C:\Windows\SYSTEM32\WINHTTP.dll
0x00007ffafaa50000 - 0x00007ffafade1000 	C:\Windows\system32\nvapi64.dll
0x00007ffb1d570000 - 0x00007ffb1d59c000 	C:\Windows\SYSTEM32\SspiCli.dll
0x00000000698a0000 - 0x0000000069a38000 	C:\Program Files\Java\jre1.8.0_51\bin\awt.dll
0x00007ffb1ba00000 - 0x00007ffb1ba78000 	C:\Windows\system32\apphelp.dll

VM Arguments:
jvm_args: -Djava.library.path=C:\Users\Farooq\Desktop\AIWorkSpace\lib\natives -Dfile.encoding=Cp1252 
java_command: data.Boot
java_class_path (initial): C:\Users\Farooq\Desktop\AIWorkSpace\GameProject\bin;C:\Users\Farooq\Desktop\AIWorkSpace\lib\jars\lwjgl.jar;C:\Users\Farooq\Desktop\AIWorkSpace\lib\jars\lwjgl_util.jar;C:\Users\Farooq\Desktop\AIWorkSpace\lib\jars\slick-util.jar
Launcher Type: SUN_STANDARD

Environment Variables:
PATH=C:/Program Files/Java/jre1.8.0_51/bin/server;C:/Program Files/Java/jre1.8.0_51/bin;C:/Program Files/Java/jre1.8.0_51/lib/amd64;C:\Program Files (x86)\Intel\iCLS Client\;C:\Program Files\Intel\iCLS Client\;C:\ProgramData\Oracle\Java\javapath;C:\Windows\system32;C:\Windows;C:\Windows\System32\Wbem;C:\Windows\System32\WindowsPowerShell\v1.0\;C:\Program Files\Intel\Intel(R) Management Engine Components\DAL;C:\Program Files (x86)\Intel\Intel(R) Management Engine Components\DAL;C:\Program Files\Intel\Intel(R) Management Engine Components\IPT;C:\Program Files (x86)\Intel\Intel(R) Management Engine Components\IPT;C:\adb;C:\Program Files (x86)\NVIDIA Corporation\PhysX\Common;C:\Program Files (x86)\Windows Kits\8.1\Windows Performance Toolkit\;C:\Program Files\Calibre2\;C:\eclipse;
USERNAME=Farooq
OS=Windows_NT
PROCESSOR_IDENTIFIER=Intel64 Family 6 Model 60 Stepping 3, GenuineIntel



---------------  S Y S T E M  ---------------

OS: Windows 10.0 , 64 bit Build 10240 (10.0.10240.16384)

CPU:total 8 (4 cores per cpu, 2 threads per core) family 6 model 60 stepping 3, cmov, cx8, fxsr, mmx, sse, sse2, sse3, ssse3, sse4.1, sse4.2, popcnt, avx, avx2, aes, clmul, erms, lzcnt, ht, tsc, tscinvbit, bmi1, bmi2

Memory: 4k page, physical 16663592k(285760k free), swap 66995240k(0k free)

vm_info: Java HotSpot(TM) 64-Bit Server VM (25.51-b03) for windows-amd64 JRE (1.8.0_51-b16), built on Jun  8 2015 18:03:07 by "java_re" with MS VC++ 10.0 (VS2010)

time: Fri Dec 04 19:37:23 2015
elapsed time: 506 seconds (0d 0h 8m 26s)

